  OS09_01.cpp
D:\Programs\VisualStudio\VisualStudio\VC\Tools\MSVC\14.36.32532\include\xstring(2765,53): warning C4244: аргумент: преобразование "wchar_t" в "const _Elem", возможна потеря данных
          with
          [
              _Elem=char
          ]
D:\Programs\VisualStudio\VisualStudio\VC\Tools\MSVC\14.36.32532\include\xstring(2621,17): message : выполняется компиляция ссылки на экземпляр шаблон функции "void std::basic_string<char,std::char_traits<char>,std::allocator<char>>::_Construct_from_iter<wchar_t*,wchar_t*,_Size_type>(_Iter,const _Sent,_Size)"
          with
          [
              _Size_type=unsigned __int64,
              _Iter=wchar_t *,
              _Sent=wchar_t *,
              _Size=unsigned __int64
          ]
C:\Users\IlyaL\Desktop\ОС\Labs\lab09\OS_Lab9\OS09_01\OS09_01.cpp(14,20): message : выполняется компиляция ссылки на экземпляр шаблон функции "std::basic_string<char,std::char_traits<char>,std::allocator<char>>::basic_string<std::_String_iterator<std::_String_val<std::_Simple_types<_Elem>>>,0>(_Iter,_Iter,const _Alloc &)"
          with
          [
              _Elem=wchar_t,
              _Iter=std::_String_iterator<std::_String_val<std::_Simple_types<wchar_t>>>,
              _Alloc=std::allocator<char>
          ]
C:\Users\IlyaL\Desktop\ОС\Labs\lab09\OS_Lab9\OS09_01\OS09_01.cpp(14,20): message : см. первую ссылку на "std::basic_string<char,std::char_traits<char>,std::allocator<char>>::basic_string" в "getFileName"
C:\Users\IlyaL\Desktop\ОС\Labs\lab09\OS_Lab9\OS09_01\OS09_01.cpp(98): warning C4715: printFileTxt: значение возвращается не при всех путях выполнения
  OS09_01.vcxproj -> C:\Users\IlyaL\Desktop\ОС\Labs\lab09\OS_Lab9\x64\Debug\OS09_01.exe
